2020-03-06 18:56:44,898 INFO [restartedMain] com.sugo.Application [StartupInfoLogger.java : 50] Starting Application on DESKTOP-FI1NING with PID 5752 (E:\sugo\sugo\sugo-main\target\classes started by 无处安身 in E:\sugo\sugo)
2020-03-06 18:56:44,909 DEBUG [restartedMain] com.sugo.Application [StartupInfoLogger.java : 53] Running with Spring Boot v2.1.5.RELEASE, Spring v5.1.7.RELEASE
2020-03-06 18:56:44,910 INFO [restartedMain] com.sugo.Application [SpringApplication.java : 679] The following profiles are active: sql,common,admin,wx
2020-03-06 18:56:56,958 INFO [restartedMain] c.sugo.common.util.SystemInfoPrinter [SystemInfoPrinter.java : 42] ======================================================================================================================================================================================================
2020-03-06 18:56:56,959 INFO [restartedMain] c.sugo.common.util.SystemInfoPrinter [SystemInfoPrinter.java : 43] 
2020-03-06 18:56:56,960 INFO [restartedMain] c.sugo.common.util.SystemInfoPrinter [SystemInfoPrinter.java : 44]               Sugo 初始化信息
2020-03-06 18:56:56,960 INFO [restartedMain] c.sugo.common.util.SystemInfoPrinter [SystemInfoPrinter.java : 45] 
2020-03-06 18:56:56,961 INFO [restartedMain] c.sugo.common.util.SystemInfoPrinter [SystemInfoPrinter.java : 67] 
2020-03-06 18:56:56,961 INFO [restartedMain] c.sugo.common.util.SystemInfoPrinter [SystemInfoPrinter.java : 68]     [[  系统信息  ]]
2020-03-06 18:56:56,961 INFO [restartedMain] c.sugo.common.util.SystemInfoPrinter [SystemInfoPrinter.java : 69] 
2020-03-06 18:56:56,961 INFO [restartedMain] c.sugo.common.util.SystemInfoPrinter [SystemInfoPrinter.java : 71]     服务器端口        ->        8081
2020-03-06 18:56:56,962 INFO [restartedMain] c.sugo.common.util.SystemInfoPrinter [SystemInfoPrinter.java : 71]     数据库USER        ->        root
2020-03-06 18:56:56,962 INFO [restartedMain] c.sugo.common.util.SystemInfoPrinter [SystemInfoPrinter.java : 71]     数据库地址        ->        jdbc:mysql://localhost:3306/sugo?useUnicode=true&characterEncoding=UTF-8&serverTimezone=UTC&allowPublicKeyRetrieval=true&verifyServerCertificate=false&useSSL=false
2020-03-06 18:56:56,962 INFO [restartedMain] c.sugo.common.util.SystemInfoPrinter [SystemInfoPrinter.java : 67] 
2020-03-06 18:56:56,962 INFO [restartedMain] c.sugo.common.util.SystemInfoPrinter [SystemInfoPrinter.java : 68]     [[  模块状态  ]]
2020-03-06 18:56:56,963 INFO [restartedMain] c.sugo.common.util.SystemInfoPrinter [SystemInfoPrinter.java : 69] 
2020-03-06 18:56:56,963 INFO [restartedMain] c.sugo.common.util.SystemInfoPrinter [SystemInfoPrinter.java : 71]     邮件        ->        false
2020-03-06 18:56:56,963 INFO [restartedMain] c.sugo.common.util.SystemInfoPrinter [SystemInfoPrinter.java : 71]     短信        ->        false
2020-03-06 18:56:56,964 INFO [restartedMain] c.sugo.common.util.SystemInfoPrinter [SystemInfoPrinter.java : 71]     快递信息        ->        false
2020-03-06 18:56:56,965 INFO [restartedMain] c.sugo.common.util.SystemInfoPrinter [SystemInfoPrinter.java : 71]     快递鸟ID        ->        XXXXXXXXX
2020-03-06 18:56:56,965 INFO [restartedMain] c.sugo.common.util.SystemInfoPrinter [SystemInfoPrinter.java : 71]     对象存储        ->        local
2020-03-06 18:56:56,966 INFO [restartedMain] c.sugo.common.util.SystemInfoPrinter [SystemInfoPrinter.java : 71]     本地对象存储路径        ->        storage
2020-03-06 18:56:56,966 INFO [restartedMain] c.sugo.common.util.SystemInfoPrinter [SystemInfoPrinter.java : 71]     本地对象访问地址        ->        http://localhost:8080/wx/storage/fetch/
2020-03-06 18:56:56,966 INFO [restartedMain] c.sugo.common.util.SystemInfoPrinter [SystemInfoPrinter.java : 67] 
2020-03-06 18:56:56,967 INFO [restartedMain] c.sugo.common.util.SystemInfoPrinter [SystemInfoPrinter.java : 68]     [[  微信相关  ]]
2020-03-06 18:56:56,967 INFO [restartedMain] c.sugo.common.util.SystemInfoPrinter [SystemInfoPrinter.java : 69] 
2020-03-06 18:56:56,967 INFO [restartedMain] c.sugo.common.util.SystemInfoPrinter [SystemInfoPrinter.java : 71]     微信APP KEY        ->        wx23984893846df2aa
2020-03-06 18:56:56,968 INFO [restartedMain] c.sugo.common.util.SystemInfoPrinter [SystemInfoPrinter.java : 71]     微信APP-SECRET        ->        d4c033537d50e88f16e77bfd0a417f36
2020-03-06 18:56:56,968 INFO [restartedMain] c.sugo.common.util.SystemInfoPrinter [SystemInfoPrinter.java : 71]     微信支付MCH-ID        ->        111111
2020-03-06 18:56:56,968 INFO [restartedMain] c.sugo.common.util.SystemInfoPrinter [SystemInfoPrinter.java : 71]     微信支付MCH-KEY        ->        xxxxxx
2020-03-06 18:56:56,968 INFO [restartedMain] c.sugo.common.util.SystemInfoPrinter [SystemInfoPrinter.java : 71]     微信支付通知地址        ->        http://www.example.com/wx/order/pay-notify
2020-03-06 18:56:56,969 INFO [restartedMain] c.sugo.common.util.SystemInfoPrinter [SystemInfoPrinter.java : 67] 
2020-03-06 18:56:56,969 INFO [restartedMain] c.sugo.common.util.SystemInfoPrinter [SystemInfoPrinter.java : 68]     [[  系统设置  ]]
2020-03-06 18:56:56,970 INFO [restartedMain] c.sugo.common.util.SystemInfoPrinter [SystemInfoPrinter.java : 69] 
2020-03-06 18:56:56,970 INFO [restartedMain] c.sugo.common.util.SystemInfoPrinter [SystemInfoPrinter.java : 71]     自动创建朋友圈分享图        ->        false
2020-03-06 18:56:56,971 INFO [restartedMain] c.sugo.common.util.SystemInfoPrinter [SystemInfoPrinter.java : 71]     商场名称        ->        sugo
2020-03-06 18:56:56,971 INFO [restartedMain] c.sugo.common.util.SystemInfoPrinter [SystemInfoPrinter.java : 71]     首页显示记录数：NEW,HOT,BRAND,TOPIC,CatlogList,CatlogMore        ->        6,6,4,4,4,4
2020-03-06 18:56:56,972 INFO [restartedMain] c.sugo.common.util.SystemInfoPrinter [SystemInfoPrinter.java : 49]   
2020-03-06 18:56:56,972 INFO [restartedMain] c.sugo.common.util.SystemInfoPrinter [SystemInfoPrinter.java : 50] ======================================================================================================================================================================================================
2020-03-06 18:57:06,805 INFO [scheduling-1] com.sugo.admin.job.CouponJob [CouponJob.java : 36] 系统开启任务检查优惠券是否已经过期
2020-03-06 18:57:07,629 INFO [scheduling-1] com.sugo.admin.job.CouponJob [CouponJob.java : 50] 系统结束任务检查优惠券是否已经过期
2020-03-06 18:57:10,684 INFO [restartedMain] com.sugo.Application [StartupInfoLogger.java : 59] Started Application in 28.07 seconds (JVM running for 34.983)
2020-03-06 19:57:07,631 INFO [scheduling-1] com.sugo.admin.job.CouponJob [CouponJob.java : 36] 系统开启任务检查优惠券是否已经过期
2020-03-06 19:57:07,677 INFO [scheduling-1] com.sugo.admin.job.CouponJob [CouponJob.java : 50] 系统结束任务检查优惠券是否已经过期
2020-03-06 20:57:07,680 INFO [scheduling-1] com.sugo.admin.job.CouponJob [CouponJob.java : 36] 系统开启任务检查优惠券是否已经过期
2020-03-06 20:57:07,693 INFO [scheduling-1] com.sugo.admin.job.CouponJob [CouponJob.java : 50] 系统结束任务检查优惠券是否已经过期
2020-03-06 22:00:36,298 INFO [restartedMain] com.sugo.Application [StartupInfoLogger.java : 50] Starting Application on DESKTOP-FI1NING with PID 12800 (E:\sugo\sugo\sugo-main\target\classes started by 无处安身 in E:\sugo\sugo)
2020-03-06 22:00:36,307 DEBUG [restartedMain] com.sugo.Application [StartupInfoLogger.java : 53] Running with Spring Boot v2.1.5.RELEASE, Spring v5.1.7.RELEASE
2020-03-06 22:00:36,308 INFO [restartedMain] com.sugo.Application [SpringApplication.java : 679] The following profiles are active: sql,common,admin,wx
2020-03-06 22:00:44,719 INFO [restartedMain] c.sugo.common.util.SystemInfoPrinter [SystemInfoPrinter.java : 42] ======================================================================================================================================================================================================
2020-03-06 22:00:44,719 INFO [restartedMain] c.sugo.common.util.SystemInfoPrinter [SystemInfoPrinter.java : 43] 
2020-03-06 22:00:44,720 INFO [restartedMain] c.sugo.common.util.SystemInfoPrinter [SystemInfoPrinter.java : 44]               Sugo 初始化信息
2020-03-06 22:00:44,720 INFO [restartedMain] c.sugo.common.util.SystemInfoPrinter [SystemInfoPrinter.java : 45] 
2020-03-06 22:00:44,720 INFO [restartedMain] c.sugo.common.util.SystemInfoPrinter [SystemInfoPrinter.java : 67] 
2020-03-06 22:00:44,720 INFO [restartedMain] c.sugo.common.util.SystemInfoPrinter [SystemInfoPrinter.java : 68]     [[  系统信息  ]]
2020-03-06 22:00:44,721 INFO [restartedMain] c.sugo.common.util.SystemInfoPrinter [SystemInfoPrinter.java : 69] 
2020-03-06 22:00:44,721 INFO [restartedMain] c.sugo.common.util.SystemInfoPrinter [SystemInfoPrinter.java : 71]     服务器端口        ->        8081
2020-03-06 22:00:44,721 INFO [restartedMain] c.sugo.common.util.SystemInfoPrinter [SystemInfoPrinter.java : 71]     数据库USER        ->        root
2020-03-06 22:00:44,721 INFO [restartedMain] c.sugo.common.util.SystemInfoPrinter [SystemInfoPrinter.java : 71]     数据库地址        ->        jdbc:mysql://localhost:3306/sugo?useUnicode=true&characterEncoding=UTF-8&serverTimezone=UTC&allowPublicKeyRetrieval=true&verifyServerCertificate=false&useSSL=false
2020-03-06 22:00:44,722 INFO [restartedMain] c.sugo.common.util.SystemInfoPrinter [SystemInfoPrinter.java : 67] 
2020-03-06 22:00:44,722 INFO [restartedMain] c.sugo.common.util.SystemInfoPrinter [SystemInfoPrinter.java : 68]     [[  模块状态  ]]
2020-03-06 22:00:44,722 INFO [restartedMain] c.sugo.common.util.SystemInfoPrinter [SystemInfoPrinter.java : 69] 
2020-03-06 22:00:44,722 INFO [restartedMain] c.sugo.common.util.SystemInfoPrinter [SystemInfoPrinter.java : 71]     邮件        ->        false
2020-03-06 22:00:44,722 INFO [restartedMain] c.sugo.common.util.SystemInfoPrinter [SystemInfoPrinter.java : 71]     短信        ->        false
2020-03-06 22:00:44,723 INFO [restartedMain] c.sugo.common.util.SystemInfoPrinter [SystemInfoPrinter.java : 71]     快递信息        ->        false
2020-03-06 22:00:44,724 INFO [restartedMain] c.sugo.common.util.SystemInfoPrinter [SystemInfoPrinter.java : 71]     快递鸟ID        ->        XXXXXXXXX
2020-03-06 22:00:44,725 INFO [restartedMain] c.sugo.common.util.SystemInfoPrinter [SystemInfoPrinter.java : 71]     对象存储        ->        local
2020-03-06 22:00:44,725 INFO [restartedMain] c.sugo.common.util.SystemInfoPrinter [SystemInfoPrinter.java : 71]     本地对象存储路径        ->        storage
2020-03-06 22:00:44,725 INFO [restartedMain] c.sugo.common.util.SystemInfoPrinter [SystemInfoPrinter.java : 71]     本地对象访问地址        ->        http://localhost:8080/wx/storage/fetch/
2020-03-06 22:00:44,726 INFO [restartedMain] c.sugo.common.util.SystemInfoPrinter [SystemInfoPrinter.java : 67] 
2020-03-06 22:00:44,726 INFO [restartedMain] c.sugo.common.util.SystemInfoPrinter [SystemInfoPrinter.java : 68]     [[  微信相关  ]]
2020-03-06 22:00:44,726 INFO [restartedMain] c.sugo.common.util.SystemInfoPrinter [SystemInfoPrinter.java : 69] 
2020-03-06 22:00:44,726 INFO [restartedMain] c.sugo.common.util.SystemInfoPrinter [SystemInfoPrinter.java : 71]     微信APP KEY        ->        wx23984893846df2aa
2020-03-06 22:00:44,727 INFO [restartedMain] c.sugo.common.util.SystemInfoPrinter [SystemInfoPrinter.java : 71]     微信APP-SECRET        ->        d4c033537d50e88f16e77bfd0a417f36
2020-03-06 22:00:44,727 INFO [restartedMain] c.sugo.common.util.SystemInfoPrinter [SystemInfoPrinter.java : 71]     微信支付MCH-ID        ->        111111
2020-03-06 22:00:44,727 INFO [restartedMain] c.sugo.common.util.SystemInfoPrinter [SystemInfoPrinter.java : 71]     微信支付MCH-KEY        ->        xxxxxx
2020-03-06 22:00:44,728 INFO [restartedMain] c.sugo.common.util.SystemInfoPrinter [SystemInfoPrinter.java : 71]     微信支付通知地址        ->        http://www.example.com/wx/order/pay-notify
2020-03-06 22:00:44,728 INFO [restartedMain] c.sugo.common.util.SystemInfoPrinter [SystemInfoPrinter.java : 67] 
2020-03-06 22:00:44,728 INFO [restartedMain] c.sugo.common.util.SystemInfoPrinter [SystemInfoPrinter.java : 68]     [[  系统设置  ]]
2020-03-06 22:00:44,729 INFO [restartedMain] c.sugo.common.util.SystemInfoPrinter [SystemInfoPrinter.java : 69] 
2020-03-06 22:00:44,729 INFO [restartedMain] c.sugo.common.util.SystemInfoPrinter [SystemInfoPrinter.java : 71]     自动创建朋友圈分享图        ->        false
2020-03-06 22:00:44,729 INFO [restartedMain] c.sugo.common.util.SystemInfoPrinter [SystemInfoPrinter.java : 71]     商场名称        ->        sugo
2020-03-06 22:00:44,730 INFO [restartedMain] c.sugo.common.util.SystemInfoPrinter [SystemInfoPrinter.java : 71]     首页显示记录数：NEW,HOT,BRAND,TOPIC,CatlogList,CatlogMore        ->        6,6,4,4,4,4
2020-03-06 22:00:44,730 INFO [restartedMain] c.sugo.common.util.SystemInfoPrinter [SystemInfoPrinter.java : 49]   
2020-03-06 22:00:44,730 INFO [restartedMain] c.sugo.common.util.SystemInfoPrinter [SystemInfoPrinter.java : 50] ======================================================================================================================================================================================================
2020-03-06 22:00:50,443 INFO [scheduling-1] com.sugo.admin.job.CouponJob [CouponJob.java : 36] 系统开启任务检查优惠券是否已经过期
2020-03-06 22:00:50,941 INFO [scheduling-1] com.sugo.admin.job.CouponJob [CouponJob.java : 50] 系统结束任务检查优惠券是否已经过期
2020-03-06 22:00:53,600 INFO [restartedMain] com.sugo.Application [StartupInfoLogger.java : 59] Started Application in 19.45 seconds (JVM running for 26.774)
