2020-02-20 23:02:17,228 INFO [restartedMain] com.sugo.Application [StartupInfoLogger.java : 50] Starting Application on DESKTOP-FI1NING with PID 6200 (started by 无处安身 in F:\桌面\sugo)
2020-02-20 23:02:17,228 DEBUG [restartedMain] com.sugo.Application [StartupInfoLogger.java : 53] Running with Spring Boot v2.1.5.RELEASE, Spring v5.1.7.RELEASE
2020-02-20 23:02:17,228 INFO [restartedMain] com.sugo.Application [SpringApplication.java : 679] The following profiles are active: sql,public,admin,wx
2020-02-20 23:02:20,858 ERROR [restartedMain] o.s.b.d.LoggingFailureAnalysisReporter [LoggingFailureAnalysisReporter.java : 42] 

***************************
APPLICATION FAILED TO START
***************************

Description:

No bean of type 'org.apache.shiro.realm.Realm' found.

Action:

Please create bean of type 'Realm' or add a shiro.ini in the root classpath (src/main/resources/shiro.ini) or in the META-INF folder (src/main/resources/META-INF/shiro.ini).

2020-02-20 23:04:24,303 INFO [restartedMain] com.sugo.Application [StartupInfoLogger.java : 50] Starting Application on DESKTOP-FI1NING with PID 2408 (started by 无处安身 in F:\桌面\sugo)
2020-02-20 23:04:24,319 DEBUG [restartedMain] com.sugo.Application [StartupInfoLogger.java : 53] Running with Spring Boot v2.1.5.RELEASE, Spring v5.1.7.RELEASE
2020-02-20 23:04:24,319 INFO [restartedMain] com.sugo.Application [SpringApplication.java : 679] The following profiles are active: sql,public,admin,wx
2020-02-20 23:04:27,058 ERROR [restartedMain] o.s.b.d.LoggingFailureAnalysisReporter [LoggingFailureAnalysisReporter.java : 42] 

***************************
APPLICATION FAILED TO START
***************************

Description:

No bean of type 'org.apache.shiro.realm.Realm' found.

Action:

Please create bean of type 'Realm' or add a shiro.ini in the root classpath (src/main/resources/shiro.ini) or in the META-INF folder (src/main/resources/META-INF/shiro.ini).

